<?xml version="1.0" encoding="UTF-8"?><testsuite errors="0" failures="1" name="in.reqres.reqresinfo.UsersCRUDTest" skipped="0" tests="6" time="4.46" timestamp="2022-06-05T03:26:38.731+02:00[Europe/Paris]"><testcase classname="in.reqres.reqresinfo.UsersCRUDTest" name="This will create a user"/><testcase classname="in.reqres.reqresinfo.UsersCRUDTest" name="Verify is User is added or not"><failure message="1 expectation failed.&#10;Expected status code &lt;200&gt; but was &lt;404&gt;.&#10;" type="java.lang.AssertionError">1 expectation failed.
Expected status code &lt;200&gt; but was &lt;404&gt;.
</failure><system-err>1 expectation failed.
Expected status code &lt;200&gt; but was &lt;404&gt;.
&#13;
io.restassured.internal.ResponseSpecificationImpl.validateResponseIfRequired(ResponseSpecificationImpl.groovy:636)&#13;
io.restassured.internal.ResponseSpecificationImpl.statusCode(ResponseSpecificationImpl.groovy:122)&#13;
io.restassured.internal.ResponseSpecificationImpl.statusCode(ResponseSpecificationImpl.groovy:130)&#13;
io.restassured.internal.ValidatableResponseOptionsImpl.statusCode(ValidatableResponseOptionsImpl.java:117)&#13;
in.reqres.reqresinfo.UsersSteps.getProductInfoByName(UsersSteps.java:38)&#13;
in.reqres.reqresinfo.UsersCRUDTest.test002(UsersCRUDTest.java:44)&#13;
</system-err></testcase><testcase classname="in.reqres.reqresinfo.UsersCRUDTest" name="This will login a user"/><testcase classname="in.reqres.reqresinfo.UsersCRUDTest" name="This will update a user by PUT"/><testcase classname="in.reqres.reqresinfo.UsersCRUDTest" name="This will update a user by Patch"/><testcase classname="in.reqres.reqresinfo.UsersCRUDTest" name="This will update a user by Patch"/></testsuite>